2015-12-07 08:08:39 Error: [Cake\Routing\Exception\MissingControllerException] Controller class Cakephp could not be found.
Exception Attributes: array (
  'class' => 'Cakephp',
  'plugin' => NULL,
  'prefix' => NULL,
  '_ext' => NULL,
)
Request URL: /Cakephp/cakephp/
Stack Trace:
#0 C:\xampp\htdocs\Cakephp\webroot\index.php(37): Cake\Routing\Dispatcher->dispatch(Object(Cake\Network\Request), Object(Cake\Network\Response))
#1 {main}


2015-12-07 08:09:19 Error: [Cake\Routing\Exception\MissingControllerException] Controller class Pizza could not be found.
Exception Attributes: array (
  'class' => 'Pizza',
  'plugin' => NULL,
  'prefix' => NULL,
  '_ext' => NULL,
)
Request URL: /Cakephp/pizza
Stack Trace:
#0 C:\xampp\htdocs\Cakephp\webroot\index.php(37): Cake\Routing\Dispatcher->dispatch(Object(Cake\Network\Request), Object(Cake\Network\Response))
#1 {main}


2015-12-07 09:55:26 Error: [Cake\Database\Exception] SQLSTATE[42S02]: Base table or view not found: 1146 Table 'amandeep.pizza' doesn't exist
Request URL: /Cakephp/Pizza
Stack Trace:
#0 C:\xampp\htdocs\Cakephp\vendor\cakephp\cakephp\src\Database\Schema\Collection.php(96): Cake\Database\Schema\Collection->_reflect('Column', 'pizza', Array, Object(Cake\Database\Schema\Table))
#1 C:\xampp\htdocs\Cakephp\vendor\cakephp\cakephp\src\Database\Schema\CachedCollection.php(64): Cake\Database\Schema\Collection->describe('pizza', Array)
#2 C:\xampp\htdocs\Cakephp\vendor\cakephp\cakephp\src\ORM\Table.php(423): Cake\Database\Schema\CachedCollection->describe('pizza')
#3 C:\xampp\htdocs\Cakephp\vendor\cakephp\cakephp\src\ORM\Query.php(173): Cake\ORM\Table->schema()
#4 C:\xampp\htdocs\Cakephp\vendor\cakephp\cakephp\src\ORM\Query.php(131): Cake\ORM\Query->addDefaultTypes(Object(Cake\ORM\Table))
#5 C:\xampp\htdocs\Cakephp\vendor\cakephp\cakephp\src\ORM\Table.php(1228): Cake\ORM\Query->__construct(Object(Cake\Database\Connection), Object(Cake\ORM\Table))
#6 C:\xampp\htdocs\Cakephp\vendor\cakephp\cakephp\src\ORM\Table.php(931): Cake\ORM\Table->query()
#7 C:\xampp\htdocs\Cakephp\vendor\cakephp\cakephp\src\Controller\Component\PaginatorComponent.php(166): Cake\ORM\Table->find('all', Array)
#8 C:\xampp\htdocs\Cakephp\vendor\cakephp\cakephp\src\Controller\Controller.php(688): Cake\Controller\Component\PaginatorComponent->paginate(Object(Cake\ORM\Table), Array)
#9 C:\xampp\htdocs\Cakephp\src\Controller\PizzaController.php(21): Cake\Controller\Controller->paginate(Object(Cake\ORM\Table))
#10 [internal function]: App\Controller\PizzaController->index()
#11 C:\xampp\htdocs\Cakephp\vendor\cakephp\cakephp\src\Controller\Controller.php(429): call_user_func_array(Array, Array)
#12 C:\xampp\htdocs\Cakephp\vendor\cakephp\cakephp\src\Routing\Dispatcher.php(114): Cake\Controller\Controller->invokeAction()
#13 C:\xampp\htdocs\Cakephp\vendor\cakephp\cakephp\src\Routing\Dispatcher.php(87): Cake\Routing\Dispatcher->_invoke(Object(App\Controller\PizzaController))
#14 C:\xampp\htdocs\Cakephp\webroot\index.php(37): Cake\Routing\Dispatcher->dispatch(Object(Cake\Network\Request), Object(Cake\Network\Response))
#15 {main}


2015-12-07 09:56:05 Error: Fatal Error (4): syntax error, unexpected end of file, expecting function (T_FUNCTION) in [C:\xampp\htdocs\Cakephp\src\Controller\ArticlesController.php, line 102]
Trace:
Cake\Error\BaseErrorHandler::handleFatalError() - CORE\src\Error\BaseErrorHandler.php, line 191
Cake\Error\BaseErrorHandler::Cake\Error\{closure}() - CORE\src\Error\BaseErrorHandler.php, line 90
[main] - [internal], line ??



2015-12-07 09:56:06 Error: [Cake\Error\FatalErrorException] syntax error, unexpected end of file, expecting function (T_FUNCTION)
Request URL: /Cakephp/articles
Stack Trace:
#0 C:\xampp\htdocs\Cakephp\vendor\cakephp\cakephp\src\Error\BaseErrorHandler.php(90): Cake\Error\BaseErrorHandler->handleFatalError(4, 'syntax error, u...', 'C:\\xampp\\htdocs...', 102)
#1 [internal function]: Cake\Error\BaseErrorHandler->Cake\Error\{closure}()
#2 {main}


2015-12-07 09:56:31 Error: [Cake\Database\Exception] SQLSTATE[42S02]: Base table or view not found: 1146 Table 'amandeep.pizza' doesn't exist
Request URL: /Cakephp/pizza
Stack Trace:
#0 C:\xampp\htdocs\Cakephp\vendor\cakephp\cakephp\src\Database\Schema\Collection.php(96): Cake\Database\Schema\Collection->_reflect('Column', 'pizza', Array, Object(Cake\Database\Schema\Table))
#1 C:\xampp\htdocs\Cakephp\vendor\cakephp\cakephp\src\Database\Schema\CachedCollection.php(64): Cake\Database\Schema\Collection->describe('pizza', Array)
#2 C:\xampp\htdocs\Cakephp\vendor\cakephp\cakephp\src\ORM\Table.php(423): Cake\Database\Schema\CachedCollection->describe('pizza')
#3 C:\xampp\htdocs\Cakephp\vendor\cakephp\cakephp\src\ORM\Query.php(173): Cake\ORM\Table->schema()
#4 C:\xampp\htdocs\Cakephp\vendor\cakephp\cakephp\src\ORM\Query.php(131): Cake\ORM\Query->addDefaultTypes(Object(Cake\ORM\Table))
#5 C:\xampp\htdocs\Cakephp\vendor\cakephp\cakephp\src\ORM\Table.php(1228): Cake\ORM\Query->__construct(Object(Cake\Database\Connection), Object(Cake\ORM\Table))
#6 C:\xampp\htdocs\Cakephp\vendor\cakephp\cakephp\src\ORM\Table.php(931): Cake\ORM\Table->query()
#7 C:\xampp\htdocs\Cakephp\vendor\cakephp\cakephp\src\Controller\Component\PaginatorComponent.php(166): Cake\ORM\Table->find('all', Array)
#8 C:\xampp\htdocs\Cakephp\vendor\cakephp\cakephp\src\Controller\Controller.php(688): Cake\Controller\Component\PaginatorComponent->paginate(Object(Cake\ORM\Table), Array)
#9 C:\xampp\htdocs\Cakephp\src\Controller\PizzaController.php(21): Cake\Controller\Controller->paginate(Object(Cake\ORM\Table))
#10 [internal function]: App\Controller\PizzaController->index()
#11 C:\xampp\htdocs\Cakephp\vendor\cakephp\cakephp\src\Controller\Controller.php(429): call_user_func_array(Array, Array)
#12 C:\xampp\htdocs\Cakephp\vendor\cakephp\cakephp\src\Routing\Dispatcher.php(114): Cake\Controller\Controller->invokeAction()
#13 C:\xampp\htdocs\Cakephp\vendor\cakephp\cakephp\src\Routing\Dispatcher.php(87): Cake\Routing\Dispatcher->_invoke(Object(App\Controller\PizzaController))
#14 C:\xampp\htdocs\Cakephp\webroot\index.php(37): Cake\Routing\Dispatcher->dispatch(Object(Cake\Network\Request), Object(Cake\Network\Response))
#15 {main}


2015-12-07 09:57:29 Error: [Cake\Routing\Exception\MissingControllerException] Controller class Atricles could not be found.
Exception Attributes: array (
  'class' => 'Atricles',
  'plugin' => NULL,
  'prefix' => NULL,
  '_ext' => NULL,
)
Request URL: /Cakephp/atricles
Stack Trace:
#0 C:\xampp\htdocs\Cakephp\webroot\index.php(37): Cake\Routing\Dispatcher->dispatch(Object(Cake\Network\Request), Object(Cake\Network\Response))
#1 {main}


2015-12-07 10:09:01 Error: [Cake\Routing\Exception\MissingControllerException] Controller class Atricles could not be found.
Exception Attributes: array (
  'class' => 'Atricles',
  'plugin' => NULL,
  'prefix' => NULL,
  '_ext' => NULL,
)
Request URL: /Cakephp/atricles
Stack Trace:
#0 C:\xampp\htdocs\Cakephp\webroot\index.php(37): Cake\Routing\Dispatcher->dispatch(Object(Cake\Network\Request), Object(Cake\Network\Response))
#1 {main}


2015-12-07 10:17:18 Error: Fatal Error (4): syntax error, unexpected end of file, expecting function (T_FUNCTION) in [C:\xampp\htdocs\Cakephp\src\Controller\ArticlesController.php, line 102]
Trace:
Cake\Error\BaseErrorHandler::handleFatalError() - CORE\src\Error\BaseErrorHandler.php, line 191
Cake\Error\BaseErrorHandler::Cake\Error\{closure}() - CORE\src\Error\BaseErrorHandler.php, line 90
[main] - [internal], line ??



2015-12-07 10:17:18 Error: [Cake\Error\FatalErrorException] syntax error, unexpected end of file, expecting function (T_FUNCTION)
Request URL: /Cakephp/articles
Stack Trace:
#0 C:\xampp\htdocs\Cakephp\vendor\cakephp\cakephp\src\Error\BaseErrorHandler.php(90): Cake\Error\BaseErrorHandler->handleFatalError(4, 'syntax error, u...', 'C:\\xampp\\htdocs...', 102)
#1 [internal function]: Cake\Error\BaseErrorHandler->Cake\Error\{closure}()
#2 {main}


2015-12-07 10:17:25 Error: Fatal Error (4): syntax error, unexpected end of file, expecting function (T_FUNCTION) in [C:\xampp\htdocs\Cakephp\src\Controller\ArticlesController.php, line 102]
Trace:
Cake\Error\BaseErrorHandler::handleFatalError() - CORE\src\Error\BaseErrorHandler.php, line 191
Cake\Error\BaseErrorHandler::Cake\Error\{closure}() - CORE\src\Error\BaseErrorHandler.php, line 90
[main] - [internal], line ??



2015-12-07 10:17:25 Error: [Cake\Error\FatalErrorException] syntax error, unexpected end of file, expecting function (T_FUNCTION)
Request URL: /Cakephp/
Stack Trace:
#0 C:\xampp\htdocs\Cakephp\vendor\cakephp\cakephp\src\Error\BaseErrorHandler.php(90): Cake\Error\BaseErrorHandler->handleFatalError(4, 'syntax error, u...', 'C:\\xampp\\htdocs...', 102)
#1 [internal function]: Cake\Error\BaseErrorHandler->Cake\Error\{closure}()
#2 {main}


2015-12-07 10:17:31 Error: Fatal Error (4): syntax error, unexpected end of file, expecting function (T_FUNCTION) in [C:\xampp\htdocs\Cakephp\src\Controller\ArticlesController.php, line 102]
Trace:
Cake\Error\BaseErrorHandler::handleFatalError() - CORE\src\Error\BaseErrorHandler.php, line 191
Cake\Error\BaseErrorHandler::Cake\Error\{closure}() - CORE\src\Error\BaseErrorHandler.php, line 90
[main] - [internal], line ??



2015-12-07 10:17:31 Error: [Cake\Error\FatalErrorException] syntax error, unexpected end of file, expecting function (T_FUNCTION)
Request URL: /Cakephp/
Stack Trace:
#0 C:\xampp\htdocs\Cakephp\vendor\cakephp\cakephp\src\Error\BaseErrorHandler.php(90): Cake\Error\BaseErrorHandler->handleFatalError(4, 'syntax error, u...', 'C:\\xampp\\htdocs...', 102)
#1 [internal function]: Cake\Error\BaseErrorHandler->Cake\Error\{closure}()
#2 {main}


2015-12-07 10:17:49 Error: Fatal Error (4): syntax error, unexpected end of file, expecting function (T_FUNCTION) in [C:\xampp\htdocs\Cakephp\src\Controller\ArticlesController.php, line 102]
Trace:
Cake\Error\BaseErrorHandler::handleFatalError() - CORE\src\Error\BaseErrorHandler.php, line 191
Cake\Error\BaseErrorHandler::Cake\Error\{closure}() - CORE\src\Error\BaseErrorHandler.php, line 90
[main] - [internal], line ??



2015-12-07 10:17:50 Error: [Cake\Error\FatalErrorException] syntax error, unexpected end of file, expecting function (T_FUNCTION)
Request URL: /Cakephp/
Stack Trace:
#0 C:\xampp\htdocs\Cakephp\vendor\cakephp\cakephp\src\Error\BaseErrorHandler.php(90): Cake\Error\BaseErrorHandler->handleFatalError(4, 'syntax error, u...', 'C:\\xampp\\htdocs...', 102)
#1 [internal function]: Cake\Error\BaseErrorHandler->Cake\Error\{closure}()
#2 {main}


